[+] Containers:
 |- [+] Container: /Game/LaoRTS/Maps/RockyLevel
 |   |- [+] ActorDescs:
 |   |   |- Guid:05EF9BCB4997D9C1CBB0FA9CA16FF4C3 BaseClass: NativeClass:/Script/Engine.StaticMeshActor Name:StaticMeshActor_UAID_E0D46432ADA1D20002_1651282468 Label:SM_TD_Gold_Pile SpatiallyLoaded:1 Bounds:IsValid=true, Min=(X=-145.975 Y=-178.967 Z=-8219.541), Max=(X=107.453 Y=105.803 Z=-7984.108) RuntimeGrid:None EditorOnly:0 RuntimeOnly:0 HLODRelevant:1 ListedInSceneOutliner:1 IsMainWorldOnly:0
 |   |   |- Guid:0B6B987C4E32C41C00E6F6B310984223 BaseClass:/Game/LaoRTS/Buildings/BP_TownHall.BP_TownHall_C NativeClass:/Script/Engine.Actor Name:BP_TownHall_C_UAID_D85ED3AA6D4A670202_1288082735 Label:BP_TownHall SpatiallyLoaded:1 Bounds:IsValid=true, Min=(X=878.585 Y=-5016.985 Z=-8260.032), Max=(X=4721.415 Y=-1887.500 Z=-4913.122) RuntimeGrid:None EditorOnly:0 RuntimeOnly:0 HLODRelevant:0 ListedInSceneOutliner:1 IsMainWorldOnly:0
 |   |   |- Guid:0C85497A43A827C483AF2CA916F21A94 BaseClass: NativeClass:/Script/Engine.DirectionalLight Name:DirectionalLight_UAID_E0D46432ADA1CD0002_2120633579 Label:DirectionalLight SpatiallyLoaded:0 Bounds:IsValid=true, Min=(X=-4398046511104.000 Y=-4398046511104.000 Z=-4398046511104.000), Max=(X=4398046511104.000 Y=4398046511104.000 Z=4398046511104.000) RuntimeGrid:None EditorOnly:0 RuntimeOnly:0 HLODRelevant:0 ListedInSceneOutliner:1 IsMainWorldOnly:0 FolderPath:Lighting FolderGuid:D6E086EB442BA1BE0FFCC1A95907C5E2
 |   |   |- Guid:16A4569140E9D7FBC97CCB84D8F60FD4 BaseClass: NativeClass:/Script/NavigationSystem.NavMeshBoundsVolume Name:NavMeshBoundsVolume_UAID_D85ED3AA6D4A5B0302_1632980681 Label:NavMeshBoundsVolume SpatiallyLoaded:0 Bounds:IsValid=true, Min=(X=-9111.990 Y=-10035.961 Z=-8713.624), Max=(X=19251.990 Y=12235.961 Z=-8166.376) RuntimeGrid:None EditorOnly:0 RuntimeOnly:0 HLODRelevant:0 ListedInSceneOutliner:1 IsMainWorldOnly:0 FolderPath:AI FolderGuid:F58F50984DAD6AB272FAA393D117F779
 |   |   |- Guid:2021A464464C63888806B8AC4247941D BaseClass: NativeClass:/Script/Landscape.LandscapeStreamingProxy Name:LandscapeStreamingProxy_2IICAPY5UHEJMQGAAL79R5TEH_126_2_1_0 Label:LandscapeStreamingProxy_2_1_0 SpatiallyLoaded:1 Bounds:IsValid=true, Min=(X=-100.000 Y=-12050.000 Z=-8302.031), Max=(X=12500.000 Y=550.000 Z=-4297.344) RuntimeGrid:None EditorOnly:0 RuntimeOnly:0 HLODRelevant:1 ListedInSceneOutliner:1 IsMainWorldOnly:0
 |   |   |- Guid:2504FF26425EDA7F76C7C7AC3BDAB15F BaseClass: NativeClass:/Script/Engine.StaticMeshActor Name:StaticMeshActor_UAID_E0D46432ADA1D20002_1658262469 Label:RTS_Env_Rocks_01B SpatiallyLoaded:1 Bounds:IsValid=true, Min=(X=-866.104 Y=-134.448 Z=-8283.033), Max=(X=-38.017 Y=753.013 Z=-7248.728) RuntimeGrid:None EditorOnly:0 RuntimeOnly:0 HLODRelevant:1 ListedInSceneOutliner:1 IsMainWorldOnly:0
 |   |   |- Guid:296EDC4049658EB7A5AFFBB697321D74 BaseClass: NativeClass:/Script/Landscape.LandscapeStreamingProxy Name:LandscapeStreamingProxy_2IICAPY5UHEJMQGAAL79R5TEH_126_0_0_0 Label:LandscapeStreamingProxy_0_0_0 SpatiallyLoaded:1 Bounds:IsValid=true, Min=(X=-25300.000 Y=-24650.000 Z=-9610.625), Max=(X=-12700.000 Y=-12050.000 Z=-5076.250) RuntimeGrid:None EditorOnly:0 RuntimeOnly:0 HLODRelevant:1 ListedInSceneOutliner:1 IsMainWorldOnly:0
 |   |   |- Guid:2FA8D2C6443354169F86719486877BF6 BaseClass: NativeClass:/Script/Landscape.LandscapeStreamingProxy Name:LandscapeStreamingProxy_2IICAPY5UHEJMQGAAL79R5TEH_126_2_0_0 Label:LandscapeStreamingProxy_2_0_0 SpatiallyLoaded:1 Bounds:IsValid=true, Min=(X=-100.000 Y=-24650.000 Z=-10112.969), Max=(X=12500.000 Y=-12050.000 Z=-4324.688) RuntimeGrid:None EditorOnly:0 RuntimeOnly:0 HLODRelevant:1 ListedInSceneOutliner:1 IsMainWorldOnly:0
 |   |   |- Guid:312757BE42F8B8917063B1B4EC3F3561 BaseClass:/Game/LaoRTS/Core/Unit/BP_Worker.BP_Worker_C NativeClass:/Script/Engine.Character Name:BP_Worker_C_UAID_D85ED3AA6D4A010302_1908350839 Label:BP_Worker SpatiallyLoaded:1 Bounds:IsValid=true, Min=(X=2980.834 Y=-1674.519 Z=-8247.500), Max=(X=3364.686 Y=-1065.481 Z=-7749.350) RuntimeGrid:None EditorOnly:0 RuntimeOnly:0 HLODRelevant:0 ListedInSceneOutliner:1 IsMainWorldOnly:0
 |   |   |- Guid:3A0038454A902B4B7C820580E059B8B7 BaseClass: NativeClass:/Script/Engine.PlayerStart Name:PlayerStart_UAID_E0D46432ADA1DC0002_1366847230 Label:PlayerStart SpatiallyLoaded:0 Bounds:IsValid=true, Min=(X=2270.000 Y=-1770.000 Z=-8259.846), Max=(X=2350.000 Y=-1690.000 Z=-8075.846) RuntimeGrid:None EditorOnly:0 RuntimeOnly:0 HLODRelevant:0 ListedInSceneOutliner:1 IsMainWorldOnly:0
 |   |   |- Guid:423DDF4249AD005B2FF2B99F6F4F8032 BaseClass: NativeClass:/Script/Landscape.LandscapeStreamingProxy Name:LandscapeStreamingProxy_2IICAPY5UHEJMQGAAL79R5TEH_126_3_2_0 Label:LandscapeStreamingProxy_3_2_0 SpatiallyLoaded:1 Bounds:IsValid=true, Min=(X=12500.000 Y=550.000 Z=-9830.938), Max=(X=25100.000 Y=13150.000 Z=-5827.031) RuntimeGrid:None EditorOnly:0 RuntimeOnly:0 HLODRelevant:1 ListedInSceneOutliner:1 IsMainWorldOnly:0
 |   |   |- Guid:482072D24AAEA3F9243CD593EDD758D8 BaseClass: NativeClass:/Script/Landscape.LandscapeStreamingProxy Name:LandscapeStreamingProxy_2IICAPY5UHEJMQGAAL79R5TEH_126_3_0_0 Label:LandscapeStreamingProxy_3_0_0 SpatiallyLoaded:1 Bounds:IsValid=true, Min=(X=12500.000 Y=-24650.000 Z=-8691.094), Max=(X=25100.000 Y=-12050.000 Z=-6519.219) RuntimeGrid:None EditorOnly:0 RuntimeOnly:0 HLODRelevant:1 ListedInSceneOutliner:1 IsMainWorldOnly:0
 |   |   |- Guid:4DFD73BB4E7F2C879F62318CADFEF507 BaseClass: NativeClass:/Script/Landscape.LandscapeStreamingProxy Name:LandscapeStreamingProxy_2IICAPY5UHEJMQGAAL79R5TEH_126_1_0_0 Label:LandscapeStreamingProxy_1_0_0 SpatiallyLoaded:1 Bounds:IsValid=true, Min=(X=-12700.000 Y=-24650.000 Z=-9702.031), Max=(X=-100.000 Y=-12050.000 Z=-4072.344) RuntimeGrid:None EditorOnly:0 RuntimeOnly:0 HLODRelevant:1 ListedInSceneOutliner:1 IsMainWorldOnly:0
 |   |   |- Guid:75EF6C144ACC5F3B29530A8A5921FDB9 BaseClass: NativeClass:/Script/NavigationSystem.RecastNavMesh Name:RecastNavMesh_UAID_D85ED3AA6D4A5B0302-Default Label:RecastNavMesh-Default SpatiallyLoaded:0 Bounds:IsValid=true, Min=(X=0.000 Y=0.000 Z=0.000), Max=(X=0.000 Y=0.000 Z=0.000) RuntimeGrid:None EditorOnly:0 RuntimeOnly:0 HLODRelevant:0 ListedInSceneOutliner:1 IsMainWorldOnly:0
 |   |   |- Guid:771A716F42677B54868AE8A9E7DAC314 BaseClass:/Game/LaoRTS/Core/Unit/BP_Worker.BP_Worker_C NativeClass:/Script/Engine.Character Name:BP_Worker_C_UAID_D85ED3AA6D4A040302_1156918367 Label:BP_Worker SpatiallyLoaded:1 Bounds:IsValid=true, Min=(X=2630.834 Y=-1704.046 Z=-8277.061), Max=(X=3014.686 Y=-1095.009 Z=-7778.911) RuntimeGrid:None EditorOnly:0 RuntimeOnly:0 HLODRelevant:0 ListedInSceneOutliner:1 IsMainWorldOnly:0
 |   |   |- Guid:773528384F2B38B6F9AB069BD6A4DB78 BaseClass: NativeClass:/Script/Landscape.LandscapeStreamingProxy Name:LandscapeStreamingProxy_2IICAPY5UHEJMQGAAL79R5TEH_126_2_2_0 Label:LandscapeStreamingProxy_2_2_0 SpatiallyLoaded:1 Bounds:IsValid=true, Min=(X=-100.000 Y=550.000 Z=-9229.375), Max=(X=12500.000 Y=13150.000 Z=-6836.406) RuntimeGrid:None EditorOnly:0 RuntimeOnly:0 HLODRelevant:1 ListedInSceneOutliner:1 IsMainWorldOnly:0
 |   |   |- Guid:7E9DAF7A437883E540F7D6874896F8D6 BaseClass: NativeClass:/Script/Landscape.LandscapeStreamingProxy Name:LandscapeStreamingProxy_2IICAPY5UHEJMQGAAL79R5TEH_126_1_1_0 Label:LandscapeStreamingProxy_1_1_0 SpatiallyLoaded:1 Bounds:IsValid=true, Min=(X=-12700.000 Y=-12050.000 Z=-8259.844), Max=(X=-100.000 Y=550.000 Z=-3861.406) RuntimeGrid:None EditorOnly:0 RuntimeOnly:0 HLODRelevant:1 ListedInSceneOutliner:1 IsMainWorldOnly:0
 |   |   |- Guid:82FD442A4BFEE0E1C984028443239685 BaseClass: NativeClass:/Script/Engine.StaticMeshActor Name:StaticMeshActor_UAID_E0D46432ADA1D20002_1568125466 Label:Sm_TD_Brewery_01_Add_A SpatiallyLoaded:1 Bounds:IsValid=true, Min=(X=1134.104 Y=-801.345 Z=-8240.592), Max=(X=1501.559 Y=-399.603 Z=-7908.316) RuntimeGrid:None EditorOnly:0 RuntimeOnly:0 HLODRelevant:1 ListedInSceneOutliner:1 IsMainWorldOnly:0
 |   |   |- Guid:87C3BF8142EDEA2F1B5C1E9F419ED4B5 BaseClass: NativeClass:/Script/Engine.SkyLight Name:SkyLight_UAID_E0D46432ADA1CD0002_2120062578 Label:SkyLight SpatiallyLoaded:0 Bounds:IsValid=true, Min=(X=-8220.000 Y=0.000 Z=490.000), Max=(X=-8220.000 Y=0.000 Z=490.000) RuntimeGrid:None EditorOnly:0 RuntimeOnly:0 HLODRelevant:0 ListedInSceneOutliner:1 IsMainWorldOnly:0 FolderPath:Lighting FolderGuid:D6E086EB442BA1BE0FFCC1A95907C5E2
 |   |   |- Guid:939745DA40DFB3A051C5AE85085CF4C5 BaseClass: NativeClass:/Script/Landscape.LandscapeStreamingProxy Name:LandscapeStreamingProxy_2IICAPY5UHEJMQGAAL79R5TEH_126_1_2_0 Label:LandscapeStreamingProxy_1_2_0 SpatiallyLoaded:1 Bounds:IsValid=true, Min=(X=-12700.000 Y=550.000 Z=-9230.156), Max=(X=-100.000 Y=13150.000 Z=-4666.094) RuntimeGrid:None EditorOnly:0 RuntimeOnly:0 HLODRelevant:1 ListedInSceneOutliner:1 IsMainWorldOnly:0
 |   |   |- Guid:A6EE68CB42DD921841281E942BB28F94 BaseClass: NativeClass:/Script/Engine.SkyAtmosphere Name:SkyAtmosphere_UAID_E0D46432ADA1CD0002_2122328580 Label:SkyAtmosphere SpatiallyLoaded:0 Bounds:IsValid=true, Min=(X=-8220.000 Y=0.000 Z=350.000), Max=(X=-8220.000 Y=0.000 Z=350.000) RuntimeGrid:None EditorOnly:0 RuntimeOnly:0 HLODRelevant:0 ListedInSceneOutliner:1 IsMainWorldOnly:0 FolderPath:Lighting FolderGuid:D6E086EB442BA1BE0FFCC1A95907C5E2
 |   |   |- Guid:B4675FD04345BEA8106D4E83D70B4690 BaseClass:/Game/LaoRTS/Buildings/BP_House.BP_House_C NativeClass:/Script/Engine.Actor Name:BP_House_C_UAID_D85ED3AA6D4AB20202_1761309935 Label:BP_House SpatiallyLoaded:1 Bounds:IsValid=true, Min=(X=3381.434 Y=-2632.794 Z=-8260.013), Max=(X=4918.566 Y=-1381.000 Z=-6921.249) RuntimeGrid:None EditorOnly:0 RuntimeOnly:0 HLODRelevant:0 ListedInSceneOutliner:1 IsMainWorldOnly:0
 |   |   |- Guid:B90DF91D4E9F4C9CCAB2B2AF876E8744 BaseClass: NativeClass:/Script/Landscape.LandscapeStreamingProxy Name:LandscapeStreamingProxy_2IICAPY5UHEJMQGAAL79R5TEH_126_0_3_0 Label:LandscapeStreamingProxy_0_3_0 SpatiallyLoaded:1 Bounds:IsValid=true, Min=(X=-25300.000 Y=13150.000 Z=-8705.156), Max=(X=-12700.000 Y=25750.000 Z=-3894.219) RuntimeGrid:None EditorOnly:0 RuntimeOnly:0 HLODRelevant:1 ListedInSceneOutliner:1 IsMainWorldOnly:0
 |   |   |- Guid:B9F527264AF222D20DAAA5BC6EE829A0 BaseClass: NativeClass:/Script/Engine.VolumetricCloud Name:VolumetricCloud_UAID_E0D46432ADA1CD0002_2122609581 Label:VolumetricCloud SpatiallyLoaded:0 Bounds:IsValid=true, Min=(X=-8270.000 Y=0.000 Z=0.000), Max=(X=-8270.000 Y=0.000 Z=0.000) RuntimeGrid:None EditorOnly:0 RuntimeOnly:0 HLODRelevant:0 ListedInSceneOutliner:1 IsMainWorldOnly:0 FolderPath:Lighting FolderGuid:D6E086EB442BA1BE0FFCC1A95907C5E2
 |   |   |- Guid:CAF6039343DDC5CC1232ED8BEB6AEE5E BaseClass: NativeClass:/Script/Landscape.LandscapeStreamingProxy Name:LandscapeStreamingProxy_2IICAPY5UHEJMQGAAL79R5TEH_126_0_2_0 Label:LandscapeStreamingProxy_0_2_0 SpatiallyLoaded:1 Bounds:IsValid=true, Min=(X=-25300.000 Y=550.000 Z=-10484.844), Max=(X=-12700.000 Y=13150.000 Z=-3097.344) RuntimeGrid:None EditorOnly:0 RuntimeOnly:0 HLODRelevant:1 ListedInSceneOutliner:1 IsMainWorldOnly:0
 |   |   |- Guid:D06FC23146DB0CC6051C75B521E2ACCE BaseClass: NativeClass:/Script/Landscape.Landscape Name:Landscape_UAID_E0D46432ADA1CE0002_1734776759 Label:Landscape SpatiallyLoaded:0 Bounds:IsValid=true, Min=(X=-25300.000 Y=-24650.000 Z=-8270.000), Max=(X=-25300.000 Y=-24650.000 Z=-8270.000) RuntimeGrid:None EditorOnly:0 RuntimeOnly:0 HLODRelevant:0 ListedInSceneOutliner:1 IsMainWorldOnly:0
 |   |   |- Guid:D2369B764E13C6EA7B8E67BA5D019716 BaseClass: NativeClass:/Script/Engine.StaticMeshActor Name:StaticMeshActor_UAID_E0D46432ADA1D20002_1269884464 Label:ArbalesTower_StaticElement SpatiallyLoaded:1 Bounds:IsValid=true, Min=(X=1837.351 Y=-758.245 Z=-8193.916), Max=(X=2182.645 Y=-444.065 Z=-8053.035) RuntimeGrid:None EditorOnly:0 RuntimeOnly:0 HLODRelevant:1 ListedInSceneOutliner:1 IsMainWorldOnly:0
 |   |   |- Guid:E03FEE364512100974AD01BFE4B02647 BaseClass: NativeClass:/Script/Landscape.LandscapeStreamingProxy Name:LandscapeStreamingProxy_2IICAPY5UHEJMQGAAL79R5TEH_126_0_1_0 Label:LandscapeStreamingProxy_0_1_0 SpatiallyLoaded:1 Bounds:IsValid=true, Min=(X=-25300.000 Y=-12050.000 Z=-8605.938), Max=(X=-12700.000 Y=550.000 Z=-1787.969) RuntimeGrid:None EditorOnly:0 RuntimeOnly:0 HLODRelevant:1 ListedInSceneOutliner:1 IsMainWorldOnly:0
 |   |   |- Guid:E54F410840966AE57CB74E8243FE9FB6 BaseClass: NativeClass:/Script/Engine.WorldDataLayers Name:WorldDataLayers Label:WorldDataLayers SpatiallyLoaded:0 Bounds:Invalid RuntimeGrid:None EditorOnly:0 RuntimeOnly:0 HLODRelevant:0 ListedInSceneOutliner:1 IsMainWorldOnly:1
 |   |   |- Guid:E5CF6EAE40E4C993243B879F0431182B BaseClass: NativeClass:/Script/Landscape.LandscapeStreamingProxy Name:LandscapeStreamingProxy_2IICAPY5UHEJMQGAAL79R5TEH_126_2_3_0 Label:LandscapeStreamingProxy_2_3_0 SpatiallyLoaded:1 Bounds:IsValid=true, Min=(X=-100.000 Y=13150.000 Z=-11410.625), Max=(X=12500.000 Y=25750.000 Z=-6227.812) RuntimeGrid:None EditorOnly:0 RuntimeOnly:0 HLODRelevant:1 ListedInSceneOutliner:1 IsMainWorldOnly:0
 |   |   |- Guid:F3100F694E6F34ECA7C5328937FEF6F6 BaseClass: NativeClass:/Script/Landscape.LandscapeStreamingProxy Name:LandscapeStreamingProxy_2IICAPY5UHEJMQGAAL79R5TEH_126_1_3_0 Label:LandscapeStreamingProxy_1_3_0 SpatiallyLoaded:1 Bounds:IsValid=true, Min=(X=-12700.000 Y=13150.000 Z=-11338.750), Max=(X=-100.000 Y=25750.000 Z=-5806.719) RuntimeGrid:None EditorOnly:0 RuntimeOnly:0 HLODRelevant:1 ListedInSceneOutliner:1 IsMainWorldOnly:0
 |   |   |- Guid:F4B508654956939485E5579639980C68 BaseClass: NativeClass:/Script/Landscape.LandscapeStreamingProxy Name:LandscapeStreamingProxy_2IICAPY5UHEJMQGAAL79R5TEH_126_3_1_0 Label:LandscapeStreamingProxy_3_1_0 SpatiallyLoaded:1 Bounds:IsValid=true, Min=(X=12500.000 Y=-12050.000 Z=-9045.000), Max=(X=25100.000 Y=550.000 Z=-6578.594) RuntimeGrid:None EditorOnly:0 RuntimeOnly:0 HLODRelevant:1 ListedInSceneOutliner:1 IsMainWorldOnly:0
 |   |   |- Guid:F667870148E9DF9528A5AFABBA92A372 BaseClass: NativeClass:/Script/Engine.ExponentialHeightFog Name:ExponentialHeightFog_UAID_E0D46432ADA1CD0002_2122863582 Label:ExponentialHeightFog SpatiallyLoaded:0 Bounds:IsValid=true, Min=(X=-8230.000 Y=0.000 Z=260.000), Max=(X=-8230.000 Y=0.000 Z=260.000) RuntimeGrid:None EditorOnly:0 RuntimeOnly:0 HLODRelevant:0 ListedInSceneOutliner:1 IsMainWorldOnly:0 FolderPath:Lighting FolderGuid:D6E086EB442BA1BE0FFCC1A95907C5E2
 |   |   |- Guid:FBA5A4F04132127C6876AABF7414C230 BaseClass: NativeClass:/Script/Landscape.LandscapeStreamingProxy Name:LandscapeStreamingProxy_2IICAPY5UHEJMQGAAL79R5TEH_126_3_3_0 Label:LandscapeStreamingProxy_3_3_0 SpatiallyLoaded:1 Bounds:IsValid=true, Min=(X=12500.000 Y=13150.000 Z=-10283.281), Max=(X=25100.000 Y=25750.000 Z=-6051.250) RuntimeGrid:None EditorOnly:0 RuntimeOnly:0 HLODRelevant:1 ListedInSceneOutliner:1 IsMainWorldOnly:0
 |   |   |- Guid:FE5219FE4334A71918D6FEB0FE3FC6B3 BaseClass: NativeClass:/Script/Engine.StaticMeshActor Name:StaticMeshActor_UAID_E0D46432ADA1D20002_1575591467 Label:Sm_TD_Brewery_01_Add_B SpatiallyLoaded:1 Bounds:IsValid=true, Min=(X=1581.700 Y=-831.345 Z=-8250.592), Max=(X=1949.155 Y=-429.603 Z=-7918.316) RuntimeGrid:None EditorOnly:0 RuntimeOnly:0 HLODRelevant:1 ListedInSceneOutliner:1 IsMainWorldOnly:0
 |   |- [+] Clusters:
 |   |   |- [+] [  0]
 |   |   |   |- Guid:05EF9BCB4997D9C1CBB0FA9CA16FF4C3 BaseClass: NativeClass:/Script/Engine.StaticMeshActor Name:StaticMeshActor_UAID_E0D46432ADA1D20002_1651282468 Label:SM_TD_Gold_Pile SpatiallyLoaded:1 Bounds:IsValid=true, Min=(X=-145.975 Y=-178.967 Z=-8219.541), Max=(X=107.453 Y=105.803 Z=-7984.108) RuntimeGrid:None EditorOnly:0 RuntimeOnly:0 HLODRelevant:1 ListedInSceneOutliner:1 IsMainWorldOnly:0
 |   |   |- [+] [  1]
 |   |   |   |- Guid:0B6B987C4E32C41C00E6F6B310984223 BaseClass:/Game/LaoRTS/Buildings/BP_TownHall.BP_TownHall_C NativeClass:/Script/Engine.Actor Name:BP_TownHall_C_UAID_D85ED3AA6D4A670202_1288082735 Label:BP_TownHall SpatiallyLoaded:1 Bounds:IsValid=true, Min=(X=878.585 Y=-5016.985 Z=-8260.032), Max=(X=4721.415 Y=-1887.500 Z=-4913.122) RuntimeGrid:None EditorOnly:0 RuntimeOnly:0 HLODRelevant:0 ListedInSceneOutliner:1 IsMainWorldOnly:0
 |   |   |- [+] [  2]
 |   |   |   |- Guid:0C85497A43A827C483AF2CA916F21A94 BaseClass: NativeClass:/Script/Engine.DirectionalLight Name:DirectionalLight_UAID_E0D46432ADA1CD0002_2120633579 Label:DirectionalLight SpatiallyLoaded:0 Bounds:IsValid=true, Min=(X=-4398046511104.000 Y=-4398046511104.000 Z=-4398046511104.000), Max=(X=4398046511104.000 Y=4398046511104.000 Z=4398046511104.000) RuntimeGrid:None EditorOnly:0 RuntimeOnly:0 HLODRelevant:0 ListedInSceneOutliner:1 IsMainWorldOnly:0 FolderPath:Lighting FolderGuid:D6E086EB442BA1BE0FFCC1A95907C5E2
 |   |   |- [+] [  3]
 |   |   |   |- Guid:16A4569140E9D7FBC97CCB84D8F60FD4 BaseClass: NativeClass:/Script/NavigationSystem.NavMeshBoundsVolume Name:NavMeshBoundsVolume_UAID_D85ED3AA6D4A5B0302_1632980681 Label:NavMeshBoundsVolume SpatiallyLoaded:0 Bounds:IsValid=true, Min=(X=-9111.990 Y=-10035.961 Z=-8713.624), Max=(X=19251.990 Y=12235.961 Z=-8166.376) RuntimeGrid:None EditorOnly:0 RuntimeOnly:0 HLODRelevant:0 ListedInSceneOutliner:1 IsMainWorldOnly:0 FolderPath:AI FolderGuid:F58F50984DAD6AB272FAA393D117F779
 |   |   |- [+] [  4]
 |   |   |   |- Guid:2021A464464C63888806B8AC4247941D BaseClass: NativeClass:/Script/Landscape.LandscapeStreamingProxy Name:LandscapeStreamingProxy_2IICAPY5UHEJMQGAAL79R5TEH_126_2_1_0 Label:LandscapeStreamingProxy_2_1_0 SpatiallyLoaded:1 Bounds:IsValid=true, Min=(X=-100.000 Y=-12050.000 Z=-8302.031), Max=(X=12500.000 Y=550.000 Z=-4297.344) RuntimeGrid:None EditorOnly:0 RuntimeOnly:0 HLODRelevant:1 ListedInSceneOutliner:1 IsMainWorldOnly:0
 |   |   |- [+] [  5]
 |   |   |   |- Guid:2504FF26425EDA7F76C7C7AC3BDAB15F BaseClass: NativeClass:/Script/Engine.StaticMeshActor Name:StaticMeshActor_UAID_E0D46432ADA1D20002_1658262469 Label:RTS_Env_Rocks_01B SpatiallyLoaded:1 Bounds:IsValid=true, Min=(X=-866.104 Y=-134.448 Z=-8283.033), Max=(X=-38.017 Y=753.013 Z=-7248.728) RuntimeGrid:None EditorOnly:0 RuntimeOnly:0 HLODRelevant:1 ListedInSceneOutliner:1 IsMainWorldOnly:0
 |   |   |- [+] [  6]
 |   |   |   |- Guid:296EDC4049658EB7A5AFFBB697321D74 BaseClass: NativeClass:/Script/Landscape.LandscapeStreamingProxy Name:LandscapeStreamingProxy_2IICAPY5UHEJMQGAAL79R5TEH_126_0_0_0 Label:LandscapeStreamingProxy_0_0_0 SpatiallyLoaded:1 Bounds:IsValid=true, Min=(X=-25300.000 Y=-24650.000 Z=-9610.625), Max=(X=-12700.000 Y=-12050.000 Z=-5076.250) RuntimeGrid:None EditorOnly:0 RuntimeOnly:0 HLODRelevant:1 ListedInSceneOutliner:1 IsMainWorldOnly:0
 |   |   |- [+] [  7]
 |   |   |   |- Guid:2FA8D2C6443354169F86719486877BF6 BaseClass: NativeClass:/Script/Landscape.LandscapeStreamingProxy Name:LandscapeStreamingProxy_2IICAPY5UHEJMQGAAL79R5TEH_126_2_0_0 Label:LandscapeStreamingProxy_2_0_0 SpatiallyLoaded:1 Bounds:IsValid=true, Min=(X=-100.000 Y=-24650.000 Z=-10112.969), Max=(X=12500.000 Y=-12050.000 Z=-4324.688) RuntimeGrid:None EditorOnly:0 RuntimeOnly:0 HLODRelevant:1 ListedInSceneOutliner:1 IsMainWorldOnly:0
 |   |   |- [+] [  8]
 |   |   |   |- Guid:312757BE42F8B8917063B1B4EC3F3561 BaseClass:/Game/LaoRTS/Core/Unit/BP_Worker.BP_Worker_C NativeClass:/Script/Engine.Character Name:BP_Worker_C_UAID_D85ED3AA6D4A010302_1908350839 Label:BP_Worker SpatiallyLoaded:1 Bounds:IsValid=true, Min=(X=2980.834 Y=-1674.519 Z=-8247.500), Max=(X=3364.686 Y=-1065.481 Z=-7749.350) RuntimeGrid:None EditorOnly:0 RuntimeOnly:0 HLODRelevant:0 ListedInSceneOutliner:1 IsMainWorldOnly:0
 |   |   |- [+] [  9]
 |   |   |   |- Guid:3A0038454A902B4B7C820580E059B8B7 BaseClass: NativeClass:/Script/Engine.PlayerStart Name:PlayerStart_UAID_E0D46432ADA1DC0002_1366847230 Label:PlayerStart SpatiallyLoaded:0 Bounds:IsValid=true, Min=(X=2270.000 Y=-1770.000 Z=-8259.846), Max=(X=2350.000 Y=-1690.000 Z=-8075.846) RuntimeGrid:None EditorOnly:0 RuntimeOnly:0 HLODRelevant:0 ListedInSceneOutliner:1 IsMainWorldOnly:0
 |   |   |- [+] [ 10]
 |   |   |   |- Guid:423DDF4249AD005B2FF2B99F6F4F8032 BaseClass: NativeClass:/Script/Landscape.LandscapeStreamingProxy Name:LandscapeStreamingProxy_2IICAPY5UHEJMQGAAL79R5TEH_126_3_2_0 Label:LandscapeStreamingProxy_3_2_0 SpatiallyLoaded:1 Bounds:IsValid=true, Min=(X=12500.000 Y=550.000 Z=-9830.938), Max=(X=25100.000 Y=13150.000 Z=-5827.031) RuntimeGrid:None EditorOnly:0 RuntimeOnly:0 HLODRelevant:1 ListedInSceneOutliner:1 IsMainWorldOnly:0
 |   |   |- [+] [ 11]
 |   |   |   |- Guid:482072D24AAEA3F9243CD593EDD758D8 BaseClass: NativeClass:/Script/Landscape.LandscapeStreamingProxy Name:LandscapeStreamingProxy_2IICAPY5UHEJMQGAAL79R5TEH_126_3_0_0 Label:LandscapeStreamingProxy_3_0_0 SpatiallyLoaded:1 Bounds:IsValid=true, Min=(X=12500.000 Y=-24650.000 Z=-8691.094), Max=(X=25100.000 Y=-12050.000 Z=-6519.219) RuntimeGrid:None EditorOnly:0 RuntimeOnly:0 HLODRelevant:1 ListedInSceneOutliner:1 IsMainWorldOnly:0
 |   |   |- [+] [ 12]
 |   |   |   |- Guid:4DFD73BB4E7F2C879F62318CADFEF507 BaseClass: NativeClass:/Script/Landscape.LandscapeStreamingProxy Name:LandscapeStreamingProxy_2IICAPY5UHEJMQGAAL79R5TEH_126_1_0_0 Label:LandscapeStreamingProxy_1_0_0 SpatiallyLoaded:1 Bounds:IsValid=true, Min=(X=-12700.000 Y=-24650.000 Z=-9702.031), Max=(X=-100.000 Y=-12050.000 Z=-4072.344) RuntimeGrid:None EditorOnly:0 RuntimeOnly:0 HLODRelevant:1 ListedInSceneOutliner:1 IsMainWorldOnly:0
 |   |   |- [+] [ 13]
 |   |   |   |- Guid:75EF6C144ACC5F3B29530A8A5921FDB9 BaseClass: NativeClass:/Script/NavigationSystem.RecastNavMesh Name:RecastNavMesh_UAID_D85ED3AA6D4A5B0302-Default Label:RecastNavMesh-Default SpatiallyLoaded:0 Bounds:IsValid=true, Min=(X=0.000 Y=0.000 Z=0.000), Max=(X=0.000 Y=0.000 Z=0.000) RuntimeGrid:None EditorOnly:0 RuntimeOnly:0 HLODRelevant:0 ListedInSceneOutliner:1 IsMainWorldOnly:0
 |   |   |- [+] [ 14]
 |   |   |   |- Guid:771A716F42677B54868AE8A9E7DAC314 BaseClass:/Game/LaoRTS/Core/Unit/BP_Worker.BP_Worker_C NativeClass:/Script/Engine.Character Name:BP_Worker_C_UAID_D85ED3AA6D4A040302_1156918367 Label:BP_Worker SpatiallyLoaded:1 Bounds:IsValid=true, Min=(X=2630.834 Y=-1704.046 Z=-8277.061), Max=(X=3014.686 Y=-1095.009 Z=-7778.911) RuntimeGrid:None EditorOnly:0 RuntimeOnly:0 HLODRelevant:0 ListedInSceneOutliner:1 IsMainWorldOnly:0
 |   |   |- [+] [ 15]
 |   |   |   |- Guid:773528384F2B38B6F9AB069BD6A4DB78 BaseClass: NativeClass:/Script/Landscape.LandscapeStreamingProxy Name:LandscapeStreamingProxy_2IICAPY5UHEJMQGAAL79R5TEH_126_2_2_0 Label:LandscapeStreamingProxy_2_2_0 SpatiallyLoaded:1 Bounds:IsValid=true, Min=(X=-100.000 Y=550.000 Z=-9229.375), Max=(X=12500.000 Y=13150.000 Z=-6836.406) RuntimeGrid:None EditorOnly:0 RuntimeOnly:0 HLODRelevant:1 ListedInSceneOutliner:1 IsMainWorldOnly:0
 |   |   |- [+] [ 16]
 |   |   |   |- Guid:7E9DAF7A437883E540F7D6874896F8D6 BaseClass: NativeClass:/Script/Landscape.LandscapeStreamingProxy Name:LandscapeStreamingProxy_2IICAPY5UHEJMQGAAL79R5TEH_126_1_1_0 Label:LandscapeStreamingProxy_1_1_0 SpatiallyLoaded:1 Bounds:IsValid=true, Min=(X=-12700.000 Y=-12050.000 Z=-8259.844), Max=(X=-100.000 Y=550.000 Z=-3861.406) RuntimeGrid:None EditorOnly:0 RuntimeOnly:0 HLODRelevant:1 ListedInSceneOutliner:1 IsMainWorldOnly:0
 |   |   |- [+] [ 17]
 |   |   |   |- Guid:82FD442A4BFEE0E1C984028443239685 BaseClass: NativeClass:/Script/Engine.StaticMeshActor Name:StaticMeshActor_UAID_E0D46432ADA1D20002_1568125466 Label:Sm_TD_Brewery_01_Add_A SpatiallyLoaded:1 Bounds:IsValid=true, Min=(X=1134.104 Y=-801.345 Z=-8240.592), Max=(X=1501.559 Y=-399.603 Z=-7908.316) RuntimeGrid:None EditorOnly:0 RuntimeOnly:0 HLODRelevant:1 ListedInSceneOutliner:1 IsMainWorldOnly:0
 |   |   |- [+] [ 18]
 |   |   |   |- Guid:87C3BF8142EDEA2F1B5C1E9F419ED4B5 BaseClass: NativeClass:/Script/Engine.SkyLight Name:SkyLight_UAID_E0D46432ADA1CD0002_2120062578 Label:SkyLight SpatiallyLoaded:0 Bounds:IsValid=true, Min=(X=-8220.000 Y=0.000 Z=490.000), Max=(X=-8220.000 Y=0.000 Z=490.000) RuntimeGrid:None EditorOnly:0 RuntimeOnly:0 HLODRelevant:0 ListedInSceneOutliner:1 IsMainWorldOnly:0 FolderPath:Lighting FolderGuid:D6E086EB442BA1BE0FFCC1A95907C5E2
 |   |   |- [+] [ 19]
 |   |   |   |- Guid:939745DA40DFB3A051C5AE85085CF4C5 BaseClass: NativeClass:/Script/Landscape.LandscapeStreamingProxy Name:LandscapeStreamingProxy_2IICAPY5UHEJMQGAAL79R5TEH_126_1_2_0 Label:LandscapeStreamingProxy_1_2_0 SpatiallyLoaded:1 Bounds:IsValid=true, Min=(X=-12700.000 Y=550.000 Z=-9230.156), Max=(X=-100.000 Y=13150.000 Z=-4666.094) RuntimeGrid:None EditorOnly:0 RuntimeOnly:0 HLODRelevant:1 ListedInSceneOutliner:1 IsMainWorldOnly:0
 |   |   |- [+] [ 20]
 |   |   |   |- Guid:A6EE68CB42DD921841281E942BB28F94 BaseClass: NativeClass:/Script/Engine.SkyAtmosphere Name:SkyAtmosphere_UAID_E0D46432ADA1CD0002_2122328580 Label:SkyAtmosphere SpatiallyLoaded:0 Bounds:IsValid=true, Min=(X=-8220.000 Y=0.000 Z=350.000), Max=(X=-8220.000 Y=0.000 Z=350.000) RuntimeGrid:None EditorOnly:0 RuntimeOnly:0 HLODRelevant:0 ListedInSceneOutliner:1 IsMainWorldOnly:0 FolderPath:Lighting FolderGuid:D6E086EB442BA1BE0FFCC1A95907C5E2
 |   |   |- [+] [ 21]
 |   |   |   |- Guid:B4675FD04345BEA8106D4E83D70B4690 BaseClass:/Game/LaoRTS/Buildings/BP_House.BP_House_C NativeClass:/Script/Engine.Actor Name:BP_House_C_UAID_D85ED3AA6D4AB20202_1761309935 Label:BP_House SpatiallyLoaded:1 Bounds:IsValid=true, Min=(X=3381.434 Y=-2632.794 Z=-8260.013), Max=(X=4918.566 Y=-1381.000 Z=-6921.249) RuntimeGrid:None EditorOnly:0 RuntimeOnly:0 HLODRelevant:0 ListedInSceneOutliner:1 IsMainWorldOnly:0
 |   |   |- [+] [ 22]
 |   |   |   |- Guid:B90DF91D4E9F4C9CCAB2B2AF876E8744 BaseClass: NativeClass:/Script/Landscape.LandscapeStreamingProxy Name:LandscapeStreamingProxy_2IICAPY5UHEJMQGAAL79R5TEH_126_0_3_0 Label:LandscapeStreamingProxy_0_3_0 SpatiallyLoaded:1 Bounds:IsValid=true, Min=(X=-25300.000 Y=13150.000 Z=-8705.156), Max=(X=-12700.000 Y=25750.000 Z=-3894.219) RuntimeGrid:None EditorOnly:0 RuntimeOnly:0 HLODRelevant:1 ListedInSceneOutliner:1 IsMainWorldOnly:0
 |   |   |- [+] [ 23]
 |   |   |   |- Guid:B9F527264AF222D20DAAA5BC6EE829A0 BaseClass: NativeClass:/Script/Engine.VolumetricCloud Name:VolumetricCloud_UAID_E0D46432ADA1CD0002_2122609581 Label:VolumetricCloud SpatiallyLoaded:0 Bounds:IsValid=true, Min=(X=-8270.000 Y=0.000 Z=0.000), Max=(X=-8270.000 Y=0.000 Z=0.000) RuntimeGrid:None EditorOnly:0 RuntimeOnly:0 HLODRelevant:0 ListedInSceneOutliner:1 IsMainWorldOnly:0 FolderPath:Lighting FolderGuid:D6E086EB442BA1BE0FFCC1A95907C5E2
 |   |   |- [+] [ 24]
 |   |   |   |- Guid:CAF6039343DDC5CC1232ED8BEB6AEE5E BaseClass: NativeClass:/Script/Landscape.LandscapeStreamingProxy Name:LandscapeStreamingProxy_2IICAPY5UHEJMQGAAL79R5TEH_126_0_2_0 Label:LandscapeStreamingProxy_0_2_0 SpatiallyLoaded:1 Bounds:IsValid=true, Min=(X=-25300.000 Y=550.000 Z=-10484.844), Max=(X=-12700.000 Y=13150.000 Z=-3097.344) RuntimeGrid:None EditorOnly:0 RuntimeOnly:0 HLODRelevant:1 ListedInSceneOutliner:1 IsMainWorldOnly:0
 |   |   |- [+] [ 25]
 |   |   |   |- Guid:D06FC23146DB0CC6051C75B521E2ACCE BaseClass: NativeClass:/Script/Landscape.Landscape Name:Landscape_UAID_E0D46432ADA1CE0002_1734776759 Label:Landscape SpatiallyLoaded:0 Bounds:IsValid=true, Min=(X=-25300.000 Y=-24650.000 Z=-8270.000), Max=(X=-25300.000 Y=-24650.000 Z=-8270.000) RuntimeGrid:None EditorOnly:0 RuntimeOnly:0 HLODRelevant:0 ListedInSceneOutliner:1 IsMainWorldOnly:0
 |   |   |- [+] [ 26]
 |   |   |   |- Guid:D2369B764E13C6EA7B8E67BA5D019716 BaseClass: NativeClass:/Script/Engine.StaticMeshActor Name:StaticMeshActor_UAID_E0D46432ADA1D20002_1269884464 Label:ArbalesTower_StaticElement SpatiallyLoaded:1 Bounds:IsValid=true, Min=(X=1837.351 Y=-758.245 Z=-8193.916), Max=(X=2182.645 Y=-444.065 Z=-8053.035) RuntimeGrid:None EditorOnly:0 RuntimeOnly:0 HLODRelevant:1 ListedInSceneOutliner:1 IsMainWorldOnly:0
 |   |   |- [+] [ 27]
 |   |   |   |- Guid:E03FEE364512100974AD01BFE4B02647 BaseClass: NativeClass:/Script/Landscape.LandscapeStreamingProxy Name:LandscapeStreamingProxy_2IICAPY5UHEJMQGAAL79R5TEH_126_0_1_0 Label:LandscapeStreamingProxy_0_1_0 SpatiallyLoaded:1 Bounds:IsValid=true, Min=(X=-25300.000 Y=-12050.000 Z=-8605.938), Max=(X=-12700.000 Y=550.000 Z=-1787.969) RuntimeGrid:None EditorOnly:0 RuntimeOnly:0 HLODRelevant:1 ListedInSceneOutliner:1 IsMainWorldOnly:0
 |   |   |- [+] [ 28]
 |   |   |   |- Guid:E54F410840966AE57CB74E8243FE9FB6 BaseClass: NativeClass:/Script/Engine.WorldDataLayers Name:WorldDataLayers Label:WorldDataLayers SpatiallyLoaded:0 Bounds:Invalid RuntimeGrid:None EditorOnly:0 RuntimeOnly:0 HLODRelevant:0 ListedInSceneOutliner:1 IsMainWorldOnly:1
 |   |   |- [+] [ 29]
 |   |   |   |- Guid:E5CF6EAE40E4C993243B879F0431182B BaseClass: NativeClass:/Script/Landscape.LandscapeStreamingProxy Name:LandscapeStreamingProxy_2IICAPY5UHEJMQGAAL79R5TEH_126_2_3_0 Label:LandscapeStreamingProxy_2_3_0 SpatiallyLoaded:1 Bounds:IsValid=true, Min=(X=-100.000 Y=13150.000 Z=-11410.625), Max=(X=12500.000 Y=25750.000 Z=-6227.812) RuntimeGrid:None EditorOnly:0 RuntimeOnly:0 HLODRelevant:1 ListedInSceneOutliner:1 IsMainWorldOnly:0
 |   |   |- [+] [ 30]
 |   |   |   |- Guid:F3100F694E6F34ECA7C5328937FEF6F6 BaseClass: NativeClass:/Script/Landscape.LandscapeStreamingProxy Name:LandscapeStreamingProxy_2IICAPY5UHEJMQGAAL79R5TEH_126_1_3_0 Label:LandscapeStreamingProxy_1_3_0 SpatiallyLoaded:1 Bounds:IsValid=true, Min=(X=-12700.000 Y=13150.000 Z=-11338.750), Max=(X=-100.000 Y=25750.000 Z=-5806.719) RuntimeGrid:None EditorOnly:0 RuntimeOnly:0 HLODRelevant:1 ListedInSceneOutliner:1 IsMainWorldOnly:0
 |   |   |- [+] [ 31]
 |   |   |   |- Guid:F4B508654956939485E5579639980C68 BaseClass: NativeClass:/Script/Landscape.LandscapeStreamingProxy Name:LandscapeStreamingProxy_2IICAPY5UHEJMQGAAL79R5TEH_126_3_1_0 Label:LandscapeStreamingProxy_3_1_0 SpatiallyLoaded:1 Bounds:IsValid=true, Min=(X=12500.000 Y=-12050.000 Z=-9045.000), Max=(X=25100.000 Y=550.000 Z=-6578.594) RuntimeGrid:None EditorOnly:0 RuntimeOnly:0 HLODRelevant:1 ListedInSceneOutliner:1 IsMainWorldOnly:0
 |   |   |- [+] [ 32]
 |   |   |   |- Guid:F667870148E9DF9528A5AFABBA92A372 BaseClass: NativeClass:/Script/Engine.ExponentialHeightFog Name:ExponentialHeightFog_UAID_E0D46432ADA1CD0002_2122863582 Label:ExponentialHeightFog SpatiallyLoaded:0 Bounds:IsValid=true, Min=(X=-8230.000 Y=0.000 Z=260.000), Max=(X=-8230.000 Y=0.000 Z=260.000) RuntimeGrid:None EditorOnly:0 RuntimeOnly:0 HLODRelevant:0 ListedInSceneOutliner:1 IsMainWorldOnly:0 FolderPath:Lighting FolderGuid:D6E086EB442BA1BE0FFCC1A95907C5E2
 |   |   |- [+] [ 33]
 |   |   |   |- Guid:FBA5A4F04132127C6876AABF7414C230 BaseClass: NativeClass:/Script/Landscape.LandscapeStreamingProxy Name:LandscapeStreamingProxy_2IICAPY5UHEJMQGAAL79R5TEH_126_3_3_0 Label:LandscapeStreamingProxy_3_3_0 SpatiallyLoaded:1 Bounds:IsValid=true, Min=(X=12500.000 Y=13150.000 Z=-10283.281), Max=(X=25100.000 Y=25750.000 Z=-6051.250) RuntimeGrid:None EditorOnly:0 RuntimeOnly:0 HLODRelevant:1 ListedInSceneOutliner:1 IsMainWorldOnly:0
 |   |   |- [+] [ 34]
 |   |   |   |- Guid:FE5219FE4334A71918D6FEB0FE3FC6B3 BaseClass: NativeClass:/Script/Engine.StaticMeshActor Name:StaticMeshActor_UAID_E0D46432ADA1D20002_1575591467 Label:Sm_TD_Brewery_01_Add_B SpatiallyLoaded:1 Bounds:IsValid=true, Min=(X=1581.700 Y=-831.345 Z=-8250.592), Max=(X=1949.155 Y=-429.603 Z=-7918.316) RuntimeGrid:None EditorOnly:0 RuntimeOnly:0 HLODRelevant:1 ListedInSceneOutliner:1 IsMainWorldOnly:0
 |- ContainerInstances:
 |- [+] MainContainer:
 |   |-        ID: 00000000000000000000000000000000
 |   |-  ParentID: 00000000000000000000000000000000
 |   |-    Bounds: IsValid=true, Min=(X=-25300.000 Y=-24650.000 Z=-11410.625), Max=(X=25100.000 Y=25750.000 Z=-1787.969)
 |   |- Transform: 0.000000,0.000000,0.000000|0.000000,0.000000,-0.000000|1.000000,1.000000,1.000000
 |   |- Container: /Game/LaoRTS/Maps/RockyLevel
----------------------------------------------------------------------------------------------------------------
RockyLevel - Persistent Level
----------------------------------------------------------------------------------------------------------------
[+] Content of RockyLevel Persistent Level
 |- Always loaded Actor Count: 41 
 |- Actor Path: /Game/LaoRTS/Maps/RockyLevel.RockyLevel:PersistentLevel.AbstractNavData-Default
 |- Actor Package: /Game/LaoRTS/Maps/RockyLevel
 |- Actor Path: /Game/LaoRTS/Maps/RockyLevel.RockyLevel:PersistentLevel.BP_House_C_UAID_D85ED3AA6D4AB20202_1761309935
 |- Actor Package: /Game/__ExternalActors__/LaoRTS/Maps/RockyLevel/5/CT/317I16N8XWJPYC3OKBQW39
 |- Actor Path: /Game/LaoRTS/Maps/RockyLevel.RockyLevel:PersistentLevel.BP_TownHall_C_UAID_D85ED3AA6D4A670202_1288082735
 |- Actor Package: /Game/__ExternalActors__/LaoRTS/Maps/RockyLevel/5/DY/CEAHM7YU7V2Z1L6J5GUSZE
 |- Actor Path: /Game/LaoRTS/Maps/RockyLevel.RockyLevel:PersistentLevel.BP_Worker_C_UAID_D85ED3AA6D4A010302_1908350839
 |- Actor Package: /Game/__ExternalActors__/LaoRTS/Maps/RockyLevel/A/QV/WBP0PWULIQ0JPANMXGV2EZ
 |- Actor Path: /Game/LaoRTS/Maps/RockyLevel.RockyLevel:PersistentLevel.BP_Worker_C_UAID_D85ED3AA6D4A040302_1156918367
 |- Actor Package: /Game/__ExternalActors__/LaoRTS/Maps/RockyLevel/F/48/P7M1IT4BTOG5DUF6C0D7E1
 |- Actor Path: /Game/LaoRTS/Maps/RockyLevel.RockyLevel:PersistentLevel.Brush_0
 |- Actor Package: /Game/LaoRTS/Maps/RockyLevel
 |- Actor Path: /Game/LaoRTS/Maps/RockyLevel.RockyLevel:PersistentLevel.DefaultPhysicsVolume_0
 |- Actor Package: /Game/LaoRTS/Maps/RockyLevel
 |- Actor Path: /Game/LaoRTS/Maps/RockyLevel.RockyLevel:PersistentLevel.DirectionalLight_UAID_E0D46432ADA1CD0002_2120633579
 |- Actor Package: /Game/__ExternalActors__/LaoRTS/Maps/RockyLevel/7/JF/HKJ15Z6QOTR6F0FRC4D8M6
 |- Actor Path: /Game/LaoRTS/Maps/RockyLevel.RockyLevel:PersistentLevel.ExponentialHeightFog_UAID_E0D46432ADA1CD0002_2122863582
 |- Actor Package: /Game/__ExternalActors__/LaoRTS/Maps/RockyLevel/C/4S/AEAA6E6QGL259GQB1WQBYO
 |- Actor Path: /Game/LaoRTS/Maps/RockyLevel.RockyLevel:PersistentLevel.GameplayDebuggerPlayerManager_0
 |- Actor Package: /Game/LaoRTS/Maps/RockyLevel
 |- Actor Path: /Game/LaoRTS/Maps/RockyLevel.RockyLevel:PersistentLevel.Landscape_UAID_E0D46432ADA1CE0002_1734776759
 |- Actor Package: /Game/__ExternalActors__/LaoRTS/Maps/RockyLevel/2/36/KII6NU58AL6ZSI1WEE12KL
 |- Actor Path: /Game/LaoRTS/Maps/RockyLevel.RockyLevel:PersistentLevel.LandscapeStreamingProxy_2IICAPY5UHEJMQGAAL79R5TEH_126_0_0_0
 |- Actor Package: /Game/__ExternalActors__/LaoRTS/Maps/RockyLevel/7/Y6/8WJ0I9VSH1G7SXVYOK4DXK
 |- Actor Path: /Game/LaoRTS/Maps/RockyLevel.RockyLevel:PersistentLevel.LandscapeStreamingProxy_2IICAPY5UHEJMQGAAL79R5TEH_126_0_1_0
 |- Actor Package: /Game/__ExternalActors__/LaoRTS/Maps/RockyLevel/0/YO/KE9FVJGIY99DTY2ON8S894
 |- Actor Path: /Game/LaoRTS/Maps/RockyLevel.RockyLevel:PersistentLevel.LandscapeStreamingProxy_2IICAPY5UHEJMQGAAL79R5TEH_126_0_2_0
 |- Actor Package: /Game/__ExternalActors__/LaoRTS/Maps/RockyLevel/C/SG/PO7NISR1Z8UH8NIZMQ9VAB
 |- Actor Path: /Game/LaoRTS/Maps/RockyLevel.RockyLevel:PersistentLevel.LandscapeStreamingProxy_2IICAPY5UHEJMQGAAL79R5TEH_126_0_3_0
 |- Actor Package: /Game/__ExternalActors__/LaoRTS/Maps/RockyLevel/5/QA/FVNN3N85K4MPLCLFIXGTWV
 |- Actor Path: /Game/LaoRTS/Maps/RockyLevel.RockyLevel:PersistentLevel.LandscapeStreamingProxy_2IICAPY5UHEJMQGAAL79R5TEH_126_1_0_0
 |- Actor Package: /Game/__ExternalActors__/LaoRTS/Maps/RockyLevel/2/MR/9IUZVYL43UHI7MGDJB3YFN
 |- Actor Path: /Game/LaoRTS/Maps/RockyLevel.RockyLevel:PersistentLevel.LandscapeStreamingProxy_2IICAPY5UHEJMQGAAL79R5TEH_126_1_1_0
 |- Actor Package: /Game/__ExternalActors__/LaoRTS/Maps/RockyLevel/C/AY/Z22PYFHCSJN2HHKUMKCZKL
 |- Actor Path: /Game/LaoRTS/Maps/RockyLevel.RockyLevel:PersistentLevel.LandscapeStreamingProxy_2IICAPY5UHEJMQGAAL79R5TEH_126_1_2_0
 |- Actor Package: /Game/__ExternalActors__/LaoRTS/Maps/RockyLevel/B/4N/CAH954ZHYELB5GGD2R0XV5
 |- Actor Path: /Game/LaoRTS/Maps/RockyLevel.RockyLevel:PersistentLevel.LandscapeStreamingProxy_2IICAPY5UHEJMQGAAL79R5TEH_126_1_3_0
 |- Actor Package: /Game/__ExternalActors__/LaoRTS/Maps/RockyLevel/1/3I/8QP9DJQ168YACB6F3RK9M7
 |- Actor Path: /Game/LaoRTS/Maps/RockyLevel.RockyLevel:PersistentLevel.LandscapeStreamingProxy_2IICAPY5UHEJMQGAAL79R5TEH_126_2_0_0
 |- Actor Package: /Game/__ExternalActors__/LaoRTS/Maps/RockyLevel/4/CZ/JIROID8MR4TOWHKYLL263E
 |- Actor Path: /Game/LaoRTS/Maps/RockyLevel.RockyLevel:PersistentLevel.LandscapeStreamingProxy_2IICAPY5UHEJMQGAAL79R5TEH_126_2_1_0
 |- Actor Package: /Game/__ExternalActors__/LaoRTS/Maps/RockyLevel/C/1C/PB9YJEL0XNNW8GKS7TO0DM
 |- Actor Path: /Game/LaoRTS/Maps/RockyLevel.RockyLevel:PersistentLevel.LandscapeStreamingProxy_2IICAPY5UHEJMQGAAL79R5TEH_126_2_2_0
 |- Actor Package: /Game/__ExternalActors__/LaoRTS/Maps/RockyLevel/D/TQ/XEZGURXP1IZXZHKLEAT5IF
 |- Actor Path: /Game/LaoRTS/Maps/RockyLevel.RockyLevel:PersistentLevel.LandscapeStreamingProxy_2IICAPY5UHEJMQGAAL79R5TEH_126_2_3_0
 |- Actor Package: /Game/__ExternalActors__/LaoRTS/Maps/RockyLevel/B/9P/TQL2BG5JYLLIECWNG7TYHC
 |- Actor Path: /Game/LaoRTS/Maps/RockyLevel.RockyLevel:PersistentLevel.LandscapeStreamingProxy_2IICAPY5UHEJMQGAAL79R5TEH_126_3_0_0
 |- Actor Package: /Game/__ExternalActors__/LaoRTS/Maps/RockyLevel/7/GL/TIIQOZQEXALPCVAI3JGU1H
 |- Actor Path: /Game/LaoRTS/Maps/RockyLevel.RockyLevel:PersistentLevel.LandscapeStreamingProxy_2IICAPY5UHEJMQGAAL79R5TEH_126_3_1_0
 |- Actor Package: /Game/__ExternalActors__/LaoRTS/Maps/RockyLevel/C/90/OOKF5L6NK74MX7UU68WTEL
 |- Actor Path: /Game/LaoRTS/Maps/RockyLevel.RockyLevel:PersistentLevel.LandscapeStreamingProxy_2IICAPY5UHEJMQGAAL79R5TEH_126_3_2_0
 |- Actor Package: /Game/__ExternalActors__/LaoRTS/Maps/RockyLevel/C/CP/QMN8AZZ0ECX5DXZ99YCUS7
 |- Actor Path: /Game/LaoRTS/Maps/RockyLevel.RockyLevel:PersistentLevel.LandscapeStreamingProxy_2IICAPY5UHEJMQGAAL79R5TEH_126_3_3_0
 |- Actor Package: /Game/__ExternalActors__/LaoRTS/Maps/RockyLevel/7/L1/ZJPBC94GTVEO0B15SMW4XE
 |- Actor Path: /Game/LaoRTS/Maps/RockyLevel.RockyLevel:PersistentLevel.NavMeshBoundsVolume_UAID_D85ED3AA6D4A5B0302_1632980681
 |- Actor Package: /Game/__ExternalActors__/LaoRTS/Maps/RockyLevel/E/NS/D66LVJD48MAN8KVDT0L106
 |- Actor Path: /Game/LaoRTS/Maps/RockyLevel.RockyLevel:PersistentLevel.PlayerStart_UAID_E0D46432ADA1DC0002_1366847230
 |- Actor Package: /Game/__ExternalActors__/LaoRTS/Maps/RockyLevel/2/L0/H8NIKB0Z08AXUR9DYC801C
 |- Actor Path: /Game/LaoRTS/Maps/RockyLevel.RockyLevel:PersistentLevel.RecastNavMesh_UAID_D85ED3AA6D4A5B0302-Default
 |- Actor Package: /Game/__ExternalActors__/LaoRTS/Maps/RockyLevel/B/Z3/ABJUXWQEXMGIN3KAGVNMJI
 |- Actor Path: /Game/LaoRTS/Maps/RockyLevel.RockyLevel:PersistentLevel.SkyAtmosphere_UAID_E0D46432ADA1CD0002_2122328580
 |- Actor Package: /Game/__ExternalActors__/LaoRTS/Maps/RockyLevel/9/3V/Y18L61XE1LBDBF1X7I5Q7S
 |- Actor Path: /Game/LaoRTS/Maps/RockyLevel.RockyLevel:PersistentLevel.SkyLight_UAID_E0D46432ADA1CD0002_2120062578
 |- Actor Package: /Game/__ExternalActors__/LaoRTS/Maps/RockyLevel/8/9I/A61NS0H54HLVB1Z8AD4KXY
 |- Actor Path: /Game/LaoRTS/Maps/RockyLevel.RockyLevel:PersistentLevel.StaticMeshActor_UAID_E0D46432ADA1D20002_1269884464
 |- Actor Package: /Game/__ExternalActors__/LaoRTS/Maps/RockyLevel/A/04/D2ZGAE8US86FUGXKZK2W6R
 |- Actor Path: /Game/LaoRTS/Maps/RockyLevel.RockyLevel:PersistentLevel.StaticMeshActor_UAID_E0D46432ADA1D20002_1568125466
 |- Actor Package: /Game/__ExternalActors__/LaoRTS/Maps/RockyLevel/A/JT/AH3XPGP31FOC6RIJCY3H8I
 |- Actor Path: /Game/LaoRTS/Maps/RockyLevel.RockyLevel:PersistentLevel.StaticMeshActor_UAID_E0D46432ADA1D20002_1575591467
 |- Actor Package: /Game/__ExternalActors__/LaoRTS/Maps/RockyLevel/1/6H/2PUI118RK0ZN2JYUQQ8ZDK
 |- Actor Path: /Game/LaoRTS/Maps/RockyLevel.RockyLevel:PersistentLevel.StaticMeshActor_UAID_E0D46432ADA1D20002_1651282468
 |- Actor Package: /Game/__ExternalActors__/LaoRTS/Maps/RockyLevel/C/MQ/2JBRHPVH1ECEG7B86RPT7Q
 |- Actor Path: /Game/LaoRTS/Maps/RockyLevel.RockyLevel:PersistentLevel.StaticMeshActor_UAID_E0D46432ADA1D20002_1658262469
 |- Actor Package: /Game/__ExternalActors__/LaoRTS/Maps/RockyLevel/1/59/8GC15RFLT0C5Q1BSGYMCGR
 |- Actor Path: /Game/LaoRTS/Maps/RockyLevel.RockyLevel:PersistentLevel.VolumetricCloud_UAID_E0D46432ADA1CD0002_2122609581
 |- Actor Package: /Game/__ExternalActors__/LaoRTS/Maps/RockyLevel/2/8W/JUQR93C9UN06XD2PWQI1IQ
 |- Actor Path: /Game/LaoRTS/Maps/RockyLevel.RockyLevel:PersistentLevel.WorldDataLayers
 |- Actor Package: /Game/__ExternalActors__/LaoRTS/Maps/RockyLevel/B/S8/VXVYUILI87W2HZPEBAYA6E
 |- Actor Path: /Game/LaoRTS/Maps/RockyLevel.RockyLevel:PersistentLevel.WorldPartitionMiniMap_UAID_E0D46432ADA1CD0002_2037656577
 |- Actor Package: /Game/__ExternalActors__/LaoRTS/Maps/RockyLevel/C/FP/IDX01VDSNQIF1CE2EEB7VS
 |- Actor Path: /Game/LaoRTS/Maps/RockyLevel.RockyLevel:PersistentLevel.WorldSettings
 |- Actor Package: /Game/LaoRTS/Maps/RockyLevel

----------------------------------------------------------------------------------------------------------------
RockyLevel - Runtime Spatial Hash - Streaming Grid - MainGrid
----------------------------------------------------------------------------------------------------------------
            Origin: X=0.000 Y=0.000 Z=0.000
         Cell Size: 12800
      World Bounds: IsValid=true, Min=(X=-25300.000 Y=-24650.000 Z=-11410.625), Max=(X=25100.000 Y=25750.000 Z=-1787.969)
     Loading Range: 25600.00
Block Slow Loading: No
 ClientOnlyVisible: No
            Origin: X=0.000 Y=0.000 Z=0.000

[+] Grid Levels: 4
 |- Level  0: Cell Count   12 | Cell Size   12800 | Actor Count   25 (100.0%)
 |- Level  1: Cell Count    0 | Cell Size   25600 | Actor Count    0 (0.0%)
 |- Level  2: Cell Count    0 | Cell Size   51200 | Actor Count    0 (0.0%)
 |- Level  3: Cell Count    0 | Cell Size  102400 | Actor Count    0 (0.0%)

[+] Content of Grid Level 0
 |- [+] Content of Cell RockyLevel_MainGrid_L0_X1_Y-1 (04D7CQ4BCISBTNGF07WBHPZ5K)
 |   |- Actor Count: 1
 |   |-          Actor Path: /Game/LaoRTS/Maps/RockyLevel.RockyLevel:PersistentLevel.LandscapeStreamingProxy_2IICAPY5UHEJMQGAAL79R5TEH_126_3_0_0
 |   |-       Actor Package: /Game/__ExternalActors__/LaoRTS/Maps/RockyLevel/7/GL/TIIQOZQEXALPCVAI3JGU1H
 |   |- Actor Instance Guid: 482072D24AAEA3F9243CD593EDD758D8
 |- [+] Content of Cell RockyLevel_MainGrid_L0_X0_Y0 (1D72EG9NEDH1ER736UO75L9LN)
 |   |- Actor Count: 11
 |   |-          Actor Path: /Game/LaoRTS/Maps/RockyLevel.RockyLevel:PersistentLevel.StaticMeshActor_UAID_E0D46432ADA1D20002_1651282468
 |   |-       Actor Package: /Game/__ExternalActors__/LaoRTS/Maps/RockyLevel/C/MQ/2JBRHPVH1ECEG7B86RPT7Q
 |   |- Actor Instance Guid: 05EF9BCB4997D9C1CBB0FA9CA16FF4C3
 |   |-          Actor Path: /Game/LaoRTS/Maps/RockyLevel.RockyLevel:PersistentLevel.BP_TownHall_C_UAID_D85ED3AA6D4A670202_1288082735
 |   |-       Actor Package: /Game/__ExternalActors__/LaoRTS/Maps/RockyLevel/5/DY/CEAHM7YU7V2Z1L6J5GUSZE
 |   |- Actor Instance Guid: 0B6B987C4E32C41C00E6F6B310984223
 |   |-          Actor Path: /Game/LaoRTS/Maps/RockyLevel.RockyLevel:PersistentLevel.LandscapeStreamingProxy_2IICAPY5UHEJMQGAAL79R5TEH_126_2_1_0
 |   |-       Actor Package: /Game/__ExternalActors__/LaoRTS/Maps/RockyLevel/C/1C/PB9YJEL0XNNW8GKS7TO0DM
 |   |- Actor Instance Guid: 2021A464464C63888806B8AC4247941D
 |   |-          Actor Path: /Game/LaoRTS/Maps/RockyLevel.RockyLevel:PersistentLevel.StaticMeshActor_UAID_E0D46432ADA1D20002_1658262469
 |   |-       Actor Package: /Game/__ExternalActors__/LaoRTS/Maps/RockyLevel/1/59/8GC15RFLT0C5Q1BSGYMCGR
 |   |- Actor Instance Guid: 2504FF26425EDA7F76C7C7AC3BDAB15F
 |   |-          Actor Path: /Game/LaoRTS/Maps/RockyLevel.RockyLevel:PersistentLevel.BP_Worker_C_UAID_D85ED3AA6D4A010302_1908350839
 |   |-       Actor Package: /Game/__ExternalActors__/LaoRTS/Maps/RockyLevel/A/QV/WBP0PWULIQ0JPANMXGV2EZ
 |   |- Actor Instance Guid: 312757BE42F8B8917063B1B4EC3F3561
 |   |-          Actor Path: /Game/LaoRTS/Maps/RockyLevel.RockyLevel:PersistentLevel.BP_Worker_C_UAID_D85ED3AA6D4A040302_1156918367
 |   |-       Actor Package: /Game/__ExternalActors__/LaoRTS/Maps/RockyLevel/F/48/P7M1IT4BTOG5DUF6C0D7E1
 |   |- Actor Instance Guid: 771A716F42677B54868AE8A9E7DAC314
 |   |-          Actor Path: /Game/LaoRTS/Maps/RockyLevel.RockyLevel:PersistentLevel.LandscapeStreamingProxy_2IICAPY5UHEJMQGAAL79R5TEH_126_1_1_0
 |   |-       Actor Package: /Game/__ExternalActors__/LaoRTS/Maps/RockyLevel/C/AY/Z22PYFHCSJN2HHKUMKCZKL
 |   |- Actor Instance Guid: 7E9DAF7A437883E540F7D6874896F8D6
 |   |-          Actor Path: /Game/LaoRTS/Maps/RockyLevel.RockyLevel:PersistentLevel.StaticMeshActor_UAID_E0D46432ADA1D20002_1568125466
 |   |-       Actor Package: /Game/__ExternalActors__/LaoRTS/Maps/RockyLevel/A/JT/AH3XPGP31FOC6RIJCY3H8I
 |   |- Actor Instance Guid: 82FD442A4BFEE0E1C984028443239685
 |   |-          Actor Path: /Game/LaoRTS/Maps/RockyLevel.RockyLevel:PersistentLevel.BP_House_C_UAID_D85ED3AA6D4AB20202_1761309935
 |   |-       Actor Package: /Game/__ExternalActors__/LaoRTS/Maps/RockyLevel/5/CT/317I16N8XWJPYC3OKBQW39
 |   |- Actor Instance Guid: B4675FD04345BEA8106D4E83D70B4690
 |   |-          Actor Path: /Game/LaoRTS/Maps/RockyLevel.RockyLevel:PersistentLevel.StaticMeshActor_UAID_E0D46432ADA1D20002_1269884464
 |   |-       Actor Package: /Game/__ExternalActors__/LaoRTS/Maps/RockyLevel/A/04/D2ZGAE8US86FUGXKZK2W6R
 |   |- Actor Instance Guid: D2369B764E13C6EA7B8E67BA5D019716
 |   |-          Actor Path: /Game/LaoRTS/Maps/RockyLevel.RockyLevel:PersistentLevel.StaticMeshActor_UAID_E0D46432ADA1D20002_1575591467
 |   |-       Actor Package: /Game/__ExternalActors__/LaoRTS/Maps/RockyLevel/1/6H/2PUI118RK0ZN2JYUQQ8ZDK
 |   |- Actor Instance Guid: FE5219FE4334A71918D6FEB0FE3FC6B3
 |- [+] Content of Cell RockyLevel_MainGrid_L0_X-1_Y0 (1H1XBBV3C30PVCNX18HQUHZBS)
 |   |- Actor Count: 1
 |   |-          Actor Path: /Game/LaoRTS/Maps/RockyLevel.RockyLevel:PersistentLevel.LandscapeStreamingProxy_2IICAPY5UHEJMQGAAL79R5TEH_126_0_1_0
 |   |-       Actor Package: /Game/__ExternalActors__/LaoRTS/Maps/RockyLevel/0/YO/KE9FVJGIY99DTY2ON8S894
 |   |- Actor Instance Guid: E03FEE364512100974AD01BFE4B02647
 |- [+] Content of Cell RockyLevel_MainGrid_L0_X0_Y2 (2626SHRW4LRTIU3PLD5V6GL4X)
 |   |- Actor Count: 2
 |   |-          Actor Path: /Game/LaoRTS/Maps/RockyLevel.RockyLevel:PersistentLevel.LandscapeStreamingProxy_2IICAPY5UHEJMQGAAL79R5TEH_126_2_3_0
 |   |-       Actor Package: /Game/__ExternalActors__/LaoRTS/Maps/RockyLevel/B/9P/TQL2BG5JYLLIECWNG7TYHC
 |   |- Actor Instance Guid: E5CF6EAE40E4C993243B879F0431182B
 |   |-          Actor Path: /Game/LaoRTS/Maps/RockyLevel.RockyLevel:PersistentLevel.LandscapeStreamingProxy_2IICAPY5UHEJMQGAAL79R5TEH_126_1_3_0
 |   |-       Actor Package: /Game/__ExternalActors__/LaoRTS/Maps/RockyLevel/1/3I/8QP9DJQ168YACB6F3RK9M7
 |   |- Actor Instance Guid: F3100F694E6F34ECA7C5328937FEF6F6
 |- [+] Content of Cell RockyLevel_MainGrid_L0_X-1_Y-1 (3Q7HQEZ143J722V7DSN8SBOM6)
 |   |- Actor Count: 1
 |   |-          Actor Path: /Game/LaoRTS/Maps/RockyLevel.RockyLevel:PersistentLevel.LandscapeStreamingProxy_2IICAPY5UHEJMQGAAL79R5TEH_126_0_0_0
 |   |-       Actor Package: /Game/__ExternalActors__/LaoRTS/Maps/RockyLevel/7/Y6/8WJ0I9VSH1G7SXVYOK4DXK
 |   |- Actor Instance Guid: 296EDC4049658EB7A5AFFBB697321D74
 |- [+] Content of Cell RockyLevel_MainGrid_L0_X0_Y-1 (4JJNQNR6QR70PB1DXVH5PGGB5)
 |   |- Actor Count: 2
 |   |-          Actor Path: /Game/LaoRTS/Maps/RockyLevel.RockyLevel:PersistentLevel.LandscapeStreamingProxy_2IICAPY5UHEJMQGAAL79R5TEH_126_2_0_0
 |   |-       Actor Package: /Game/__ExternalActors__/LaoRTS/Maps/RockyLevel/4/CZ/JIROID8MR4TOWHKYLL263E
 |   |- Actor Instance Guid: 2FA8D2C6443354169F86719486877BF6
 |   |-          Actor Path: /Game/LaoRTS/Maps/RockyLevel.RockyLevel:PersistentLevel.LandscapeStreamingProxy_2IICAPY5UHEJMQGAAL79R5TEH_126_1_0_0
 |   |-       Actor Package: /Game/__ExternalActors__/LaoRTS/Maps/RockyLevel/2/MR/9IUZVYL43UHI7MGDJB3YFN
 |   |- Actor Instance Guid: 4DFD73BB4E7F2C879F62318CADFEF507
 |- [+] Content of Cell RockyLevel_MainGrid_L0_X-1_Y2 (6CKIIYM5KVJDHU1UQL95U29DB)
 |   |- Actor Count: 1
 |   |-          Actor Path: /Game/LaoRTS/Maps/RockyLevel.RockyLevel:PersistentLevel.LandscapeStreamingProxy_2IICAPY5UHEJMQGAAL79R5TEH_126_0_3_0
 |   |-       Actor Package: /Game/__ExternalActors__/LaoRTS/Maps/RockyLevel/5/QA/FVNN3N85K4MPLCLFIXGTWV
 |   |- Actor Instance Guid: B90DF91D4E9F4C9CCAB2B2AF876E8744
 |- [+] Content of Cell RockyLevel_MainGrid_L0_X1_Y2 (6UJ1CVBJ71WY1VRFZXC070FON)
 |   |- Actor Count: 1
 |   |-          Actor Path: /Game/LaoRTS/Maps/RockyLevel.RockyLevel:PersistentLevel.LandscapeStreamingProxy_2IICAPY5UHEJMQGAAL79R5TEH_126_3_3_0
 |   |-       Actor Package: /Game/__ExternalActors__/LaoRTS/Maps/RockyLevel/7/L1/ZJPBC94GTVEO0B15SMW4XE
 |   |- Actor Instance Guid: FBA5A4F04132127C6876AABF7414C230
 |- [+] Content of Cell RockyLevel_MainGrid_L0_X-1_Y1 (6YXB2W5XMK9BLQTQ4RCM7504O)
 |   |- Actor Count: 1
 |   |-          Actor Path: /Game/LaoRTS/Maps/RockyLevel.RockyLevel:PersistentLevel.LandscapeStreamingProxy_2IICAPY5UHEJMQGAAL79R5TEH_126_0_2_0
 |   |-       Actor Package: /Game/__ExternalActors__/LaoRTS/Maps/RockyLevel/C/SG/PO7NISR1Z8UH8NIZMQ9VAB
 |   |- Actor Instance Guid: CAF6039343DDC5CC1232ED8BEB6AEE5E
 |- [+] Content of Cell RockyLevel_MainGrid_L0_X0_Y1 (7GUBKDNE2B959KYSFX2IFAM7G)
 |   |- Actor Count: 2
 |   |-          Actor Path: /Game/LaoRTS/Maps/RockyLevel.RockyLevel:PersistentLevel.LandscapeStreamingProxy_2IICAPY5UHEJMQGAAL79R5TEH_126_2_2_0
 |   |-       Actor Package: /Game/__ExternalActors__/LaoRTS/Maps/RockyLevel/D/TQ/XEZGURXP1IZXZHKLEAT5IF
 |   |- Actor Instance Guid: 773528384F2B38B6F9AB069BD6A4DB78
 |   |-          Actor Path: /Game/LaoRTS/Maps/RockyLevel.RockyLevel:PersistentLevel.LandscapeStreamingProxy_2IICAPY5UHEJMQGAAL79R5TEH_126_1_2_0
 |   |-       Actor Package: /Game/__ExternalActors__/LaoRTS/Maps/RockyLevel/B/4N/CAH954ZHYELB5GGD2R0XV5
 |   |- Actor Instance Guid: 939745DA40DFB3A051C5AE85085CF4C5
 |- [+] Content of Cell RockyLevel_MainGrid_L0_X1_Y0 (9G2JR530WZR2LQOTOSXF6Z8MQ)
 |   |- Actor Count: 1
 |   |-          Actor Path: /Game/LaoRTS/Maps/RockyLevel.RockyLevel:PersistentLevel.LandscapeStreamingProxy_2IICAPY5UHEJMQGAAL79R5TEH_126_3_1_0
 |   |-       Actor Package: /Game/__ExternalActors__/LaoRTS/Maps/RockyLevel/C/90/OOKF5L6NK74MX7UU68WTEL
 |   |- Actor Instance Guid: F4B508654956939485E5579639980C68
 |- [+] Content of Cell RockyLevel_MainGrid_L0_X1_Y1 (9HEYF6QL6UQIUWXE2BPZ0VMGQ)
 |   |- Actor Count: 1
 |   |-          Actor Path: /Game/LaoRTS/Maps/RockyLevel.RockyLevel:PersistentLevel.LandscapeStreamingProxy_2IICAPY5UHEJMQGAAL79R5TEH_126_3_2_0
 |   |-       Actor Package: /Game/__ExternalActors__/LaoRTS/Maps/RockyLevel/C/CP/QMN8AZZ0ECX5DXZ99YCUS7
 |   |- Actor Instance Guid: 423DDF4249AD005B2FF2B99F6F4F8032
[+] Content of Grid Level 1
[+] Content of Grid Level 2
[+] Content of Grid Level 3

